2021-12-27 09:44:25.952 [162836] main/103/app C> Tarantool 2.8.2-0-gfc96d10f5
2021-12-27 09:44:25.953 [162836] main/103/app C> log level 5
2021-12-27 09:44:25.953 [162836] main/103/app I> wal/engine cleanup is paused
2021-12-27 09:44:25.953 [162836] main/103/app I> mapping 268435456 bytes for memtx tuple arena...
2021-12-27 09:44:25.954 [162836] main/103/app I> Actual slab_alloc_factor calculated on the basis of desired slab_alloc_factor = 1.044274
2021-12-27 09:44:25.954 [162836] main/103/app I> mapping 134217728 bytes for vinyl tuple arena...
2021-12-27 09:44:25.962 [162836] main/103/app I> instance uuid bcbd979f-28a3-478c-aeec-5c9f49426385
2021-12-27 09:44:25.962 [162836] main/103/app I> tx_binary: stopped
2021-12-27 09:44:25.962 [162836] main/103/app I> initializing an empty data directory
2021-12-27 09:44:25.980 [162836] main/103/app I> assigned id 1 to replica bcbd979f-28a3-478c-aeec-5c9f49426385
2021-12-27 09:44:25.981 [162836] main/103/app I> cluster uuid d8c6e331-5612-4c11-b359-197537ce485c
2021-12-27 09:44:25.983 [162836] snapshot/101/main I> saving snapshot `./data/app/00000000000000000000.snap.inprogress'
2021-12-27 09:44:25.992 [162836] snapshot/101/main I> done
2021-12-27 09:44:25.997 [162836] main/103/app I> ready to accept requests
2021-12-27 09:44:25.997 [162836] main/105/gc I> wal/engine cleanup is resumed
2021-12-27 09:44:25.997 [162836] main/103/app I> set 'log_level' configuration option to 5
2021-12-27 09:44:25.997 [162836] main/106/checkpoint_daemon I> scheduled next checkpoint for Mon Dec 27 11:08:25 2021
2021-12-27 09:44:25.997 [162836] main/103/app I> set 'log_format' configuration option to "plain"
tarantool> 2021-12-27 10:29:04.745 [162836] main C> got signal 15 - Terminated
2021-12-27 10:29:04.746 [162836] main I> tx_binary: stopped
